<?xml version="1.0" encoding="UTF-8"?>
<testsuite xmlns:xsi="http://www.w3.org/2001/XMLSchema-instance" xsi:noNamespaceSchemaLocation="https://maven.apache.org/surefire/maven-surefire-plugin/xsd/surefire-test-report-3.0.xsd" version="3.0" name="com.softwareFactory.calculadora.CalculadoraTest" time="0.027" tests="5" errors="0" skipped="0" failures="1">
  <properties>
[...]
</properties>
  <testcase name="testSumar" classname="com.softwareFactory.calculadora.CalculadoraTest" time="0.011">
    <failure message="La suma debe ser 8.0 ==&gt; expected: &lt;8.0&gt; but was: &lt;9.0&gt;" type="org.opentest4j.AssertionFailedError"><![CDATA[org.opentest4j.AssertionFailedError: La suma debe ser 8.0 ==> expected: <8.0> but was: <9.0>
	at org.junit.jupiter.api.AssertionFailureBuilder.build(AssertionFailureBuilder.java:151)
	at org.junit.jupiter.api.AssertionFailureBuilder.buildAndThrow(AssertionFailureBuilder.java:132)
	at org.junit.jupiter.api.AssertEquals.failNotEqual(AssertEquals.java:197)
	at org.junit.jupiter.api.AssertEquals.assertEquals(AssertEquals.java:86)
	at org.junit.jupiter.api.Assertions.assertEquals(Assertions.java:1024)
	at com.softwareFactory.calculadora.CalculadoraTest.testSumar(CalculadoraTest.java:16)
	at java.base/java.lang.reflect.Method.invoke(Method.java:580)
	at java.base/java.util.ArrayList.forEach(ArrayList.java:1596)
	at java.base/java.util.ArrayList.forEach(ArrayList.java:1596)
]]></failure>
  </testcase>
  <testcase name="testMultiplicar" classname="com.softwareFactory.calculadora.CalculadoraTest" time="0.001"/>
  <testcase name="testDividir" classname="com.softwareFactory.calculadora.CalculadoraTest" time="0.001"/>
  <testcase name="testRestar" classname="com.softwareFactory.calculadora.CalculadoraTest" time="0.002"/>
  <testcase name="testDividirPorCeroDebeLanzarExcepcion" classname="com.softwareFactory.calculadora.CalculadoraTest" time="0.002"/>
</testsuite>