<?xml version="1.0" encoding="UTF-8"?>
<testsuite xmlns:xsi="http://www.w3.org/2001/XMLSchema-instance" xsi:noNamespaceSchemaLocation="https://maven.apache.org/surefire/maven-surefire-plugin/xsd/surefire-test-report-3.0.xsd" version="3.0" name="com.softwareFactory.calculadora.CalculadoraApplicationTests" time="1.624" tests="1" errors="0" skipped="0" failures="0">
  <properties>
[...]
</properties>
  <testcase name="contextLoads" classname="com.softwareFactory.calculadora.CalculadoraApplicationTests" time="0.645">
    <system-out><![CDATA[07:46:14.774 [main] INFO org.springframework.test.context.support.AnnotationConfigContextLoaderUtils -- Could not detect default configuration classes for test class [com.softwareFactory.calculadora.CalculadoraApplicationTests]: CalculadoraApplicationTests does not declare any static, non-private, non-final, nested classes annotated with @Configuration.
07:46:14.852 [main] INFO org.springframework.boot.test.context.SpringBootTestContextBootstrapper -- Found @SpringBootConfiguration com.softwareFactory.calculadora.CalculadoraApplication for test class com.softwareFactory.calculadora.CalculadoraApplicationTests

  .   ____          _            __ _ _
 /\\ / ___'_ __ _ _(_)_ __  __ _ \ \ \ \
( ( )\___ | '_ | '_| | '_ \/ _` | \ \ \ \
 \\/  ___)| |_)| | | | | || (_| |  ) ) ) )
  '  |____| .__|_| |_|_| |_\__, | / / / /
 =========|_|==============|___/=/_/_/_/

 :: Spring Boot ::                (v3.5.7)

2025-11-05T07:46:15.223-05:00  INFO 60879 --- [calculadora] [           main] c.s.c.CalculadoraApplicationTests        : Starting CalculadoraApplicationTests using Java 21.0.8 with PID 60879 (started by oso in /home/oso/Documentos/SoftwareFactory/software-factory/backend)
2025-11-05T07:46:15.224-05:00  INFO 60879 --- [calculadora] [           main] c.s.c.CalculadoraApplicationTests        : No active profile set, falling back to 1 default profile: "default"
2025-11-05T07:46:15.626-05:00  INFO 60879 --- [calculadora] [           main] c.s.c.CalculadoraApplicationTests        : Started CalculadoraApplicationTests in 0.661 seconds (process running for 1.38)
]]></system-out>
    <system-err><![CDATA[Mockito is currently self-attaching to enable the inline-mock-maker. This will no longer work in future releases of the JDK. Please add Mockito as an agent to your build as described in Mockito's documentation: https://javadoc.io/doc/org.mockito/mockito-core/latest/org.mockito/org/mockito/Mockito.html#0.3
WARNING: A Java agent has been loaded dynamically (/home/oso/.m2/repository/net/bytebuddy/byte-buddy-agent/1.17.8/byte-buddy-agent-1.17.8.jar)
WARNING: If a serviceability tool is in use, please run with -XX:+EnableDynamicAgentLoading to hide this warning
WARNING: If a serviceability tool is not in use, please run with -Djdk.instrument.traceUsage for more information
WARNING: Dynamic loading of agents will be disallowed by default in a future release
]]></system-err>
  </testcase>
</testsuite>